Using pre-set license
Built from '2020.2/staging' branch; Version is '2020.2.3f1 (8ff31bc5bf5b) revision 9433883'; Using compiler version '192528614'; Build Type 'Release'
OS: 'Windows 10 Home; OS build 19042.867; Version 2009; 64bit' Language: 'ko' Physical Memory: 16322 MB
BatchMode: 1, IsHumanControllingUs: 0, StartBugReporterOnCrash: 0, Is64bit: 1, IsPro: 0

 COMMAND LINE ARGUMENTS:
D:\UnityHub\2020.2.3f1\Editor\Unity.exe
-adb2
-batchMode
-noUpm
-name
AssetImportWorker0
-projectPath
C:/Users/kbh97/Desktop/Study/UnityProjects/Week4
-logFile
Logs/AssetImportWorker0.log
-srvPort
52407
Successfully changed project path to: C:/Users/kbh97/Desktop/Study/UnityProjects/Week4
C:/Users/kbh97/Desktop/Study/UnityProjects/Week4
Using Asset Import Pipeline V2.
Refreshing native plugins compatible for Editor in 32.94 ms, found 1 plugins.
Preloading 0 native plugins for Editor in 0.00 ms.
Initialize engine version: 2020.2.3f1 (8ff31bc5bf5b)
[Subsystems] Discovering subsystems at path D:/UnityHub/2020.2.3f1/Editor/Data/Resources/UnitySubsystems
[Subsystems] Discovering subsystems at path C:/Users/kbh97/Desktop/Study/UnityProjects/Week4/Assets
GfxDevice: creating device client; threaded=0
Direct3D:
    Version:  Direct3D 11.0 [level 11.1]
    Renderer: NVIDIA GeForce RTX 2060 (ID=0x1f08)
    Vendor:   
    VRAM:     5980 MB
    Driver:   27.21.14.6192
Initialize mono
Mono path[0] = 'D:/UnityHub/2020.2.3f1/Editor/Data/Managed'
Mono path[1] = 'D:/UnityHub/2020.2.3f1/Editor/Data/MonoBleedingEdge/lib/mono/unityjit'
Mono config path = 'D:/UnityHub/2020.2.3f1/Editor/Data/MonoBleedingEdge/etc'
Using monoOptions --debugger-agent=transport=dt_socket,embedding=1,server=y,suspend=n,address=127.0.0.1:56016
Begin MonoManager ReloadAssembly
Registering precompiled unity dll's ...
Register platform support module: D:/UnityHub/2020.2.3f1/Editor/Data/PlaybackEngines/WindowsStandaloneSupport/UnityEditor.WindowsStandalone.Extensions.dll
Registered in 0.000979 seconds.
Native extension for WindowsStandalone target not found
Refreshing native plugins compatible for Editor in 32.18 ms, found 1 plugins.
Preloading 0 native plugins for Editor in 0.00 ms.
Invoked RoslynAnalysisRunner static constructor.
RoslynAnalysisRunner will not be running.
RoslynAnalysisRunner has terminated.
Mono: successfully reloaded assembly
- Completed reload, in  1.279 seconds
Platform modules already initialized, skipping
Registering precompiled user dll's ...
Registered in 0.000816 seconds.
Begin MonoManager ReloadAssembly
Native extension for WindowsStandalone target not found
Refreshing native plugins compatible for Editor in 34.93 ms, found 1 plugins.
Preloading 0 native plugins for Editor in 0.00 ms.
Invoked RoslynAnalysisRunner static constructor.
RoslynAnalysisRunner will not be running.
RoslynAnalysisRunner has terminated.
Mono: successfully reloaded assembly
- Completed reload, in  0.826 seconds
Platform modules already initialized, skipping
========================================================================
Worker process is ready to serve import requests
Launched and connected shader compiler UnityShaderCompiler.exe after 0.04 seconds
Refreshing native plugins compatible for Editor in 0.36 ms, found 1 plugins.
Preloading 0 native plugins for Editor in 0.00 ms.
Unloading 1796 Unused Serialized files (Serialized files now loaded: 0)
System memory in use before: 86.9 MB.
System memory in use after: 86.9 MB.

Unloading 24 unused Assets to reduce memory usage. Loaded Objects now: 2237.
Total: 1.946000 ms (FindLiveObjects: 0.146200 ms CreateObjectMapping: 0.058000 ms MarkObjects: 1.617200 ms  DeleteObjects: 0.123700 ms)

========================================================================
Received Import Request.
  path: Assets/ChickGameMaterials.png
  artifactKey: Guid(db63192f272604144aa074078d2834d0) Importer(815301076,1909f56bfc062723c751e8b465ee728b)
Start importing Assets/ChickGameMaterials.png using Guid(db63192f272604144aa074078d2834d0) Importer(815301076,1909f56bfc062723c751e8b465ee728b)  -> (artifact id: 'aa08bf4cc2fdc37b9a1b3bbbd340af09') in 0.125637 seconds
  Import took 0.128553 seconds .

========================================================================
Received Import Request.
  Time since last request: 1.726971 seconds.
  path: Assets/ChickPhysics.physicsMaterial2D
  artifactKey: Guid(3b8297531d1917949999a2dc426f0955) Importer(815301076,1909f56bfc062723c751e8b465ee728b)
Start importing Assets/ChickPhysics.physicsMaterial2D using Guid(3b8297531d1917949999a2dc426f0955) Importer(815301076,1909f56bfc062723c751e8b465ee728b)  -> (artifact id: 'b4842e2bffb6a2cdffe96ac40945356c') in 0.008216 seconds
  Import took 0.011050 seconds .

========================================================================
Received Import Request.
  Time since last request: 0.000194 seconds.
  path: Assets/ItemPhysics.physicsMaterial2D
  artifactKey: Guid(8c65774861607764fb1275aecf0d1789) Importer(815301076,1909f56bfc062723c751e8b465ee728b)
Start importing Assets/ItemPhysics.physicsMaterial2D using Guid(8c65774861607764fb1275aecf0d1789) Importer(815301076,1909f56bfc062723c751e8b465ee728b)  -> (artifact id: '41f612b3e072cc9523f06a01e616d86e') in 0.006217 seconds
  Import took 0.009719 seconds .

========================================================================
Received Import Request.
  Time since last request: 0.000258 seconds.
  path: Assets/Item.png
  artifactKey: Guid(08dedb437da469d459c12ccb23cd80a3) Importer(815301076,1909f56bfc062723c751e8b465ee728b)
Start importing Assets/Item.png using Guid(08dedb437da469d459c12ccb23cd80a3) Importer(815301076,1909f56bfc062723c751e8b465ee728b)  -> (artifact id: 'a410a8585211b06c334be169db261e10') in 0.023361 seconds
  Import took 0.025951 seconds .

========================================================================
Received Import Request.
  Time since last request: 14.579601 seconds.
  path: Assets/ChickGameMaterials.png
  artifactKey: Guid(db63192f272604144aa074078d2834d0) Importer(815301076,1909f56bfc062723c751e8b465ee728b)
Start importing Assets/ChickGameMaterials.png using Guid(db63192f272604144aa074078d2834d0) Importer(815301076,1909f56bfc062723c751e8b465ee728b)  -> (artifact id: '1149afd445c4a06e782102d6180f9221') in 0.028992 seconds
  Import took 0.032240 seconds .

========================================================================
Received Import Request.
  Time since last request: 0.097685 seconds.
  path: Assets/ChickGameMaterials.png
  artifactKey: Guid(db63192f272604144aa074078d2834d0) Importer(815301076,1909f56bfc062723c751e8b465ee728b)
Start importing Assets/ChickGameMaterials.png using Guid(db63192f272604144aa074078d2834d0) Importer(815301076,1909f56bfc062723c751e8b465ee728b)  -> (artifact id: '1149afd445c4a06e782102d6180f9221') in 0.014909 seconds
  Import took 0.018052 seconds .

========================================================================
Received Import Request.
  Time since last request: 40.484141 seconds.
  path: Assets/ChickGameMaterials.png
  artifactKey: Guid(db63192f272604144aa074078d2834d0) Importer(815301076,1909f56bfc062723c751e8b465ee728b)
Start importing Assets/ChickGameMaterials.png using Guid(db63192f272604144aa074078d2834d0) Importer(815301076,1909f56bfc062723c751e8b465ee728b)  -> (artifact id: '97faec351278edb715e3e2188b80041e') in 0.068340 seconds
  Import took 0.071687 seconds .

========================================================================
Received Import Request.
  Time since last request: 188.548121 seconds.
  path: Assets/Prefabs/CanonBall.prefab
  artifactKey: Guid(8d1fe239debadf64195ae2dce167a4c3) Importer(815301076,1909f56bfc062723c751e8b465ee728b)
Start importing Assets/Prefabs/CanonBall.prefab using Guid(8d1fe239debadf64195ae2dce167a4c3) Importer(815301076,1909f56bfc062723c751e8b465ee728b)  -> (artifact id: '0b538e675ef146eca2d59bb19c2518ac') in 0.015876 seconds
  Import took 0.019754 seconds .

========================================================================
Received Import Request.
  Time since last request: 0.000298 seconds.
  path: Assets/Prefabs/Item.prefab
  artifactKey: Guid(2ff7cdc5e978b8546bf4b92d6ee80208) Importer(815301076,1909f56bfc062723c751e8b465ee728b)
Start importing Assets/Prefabs/Item.prefab using Guid(2ff7cdc5e978b8546bf4b92d6ee80208) Importer(815301076,1909f56bfc062723c751e8b465ee728b)  -> (artifact id: '9462906dccfc9bf0d416d4b879ee55e2') in 0.004065 seconds
  Import took 0.007019 seconds .

========================================================================
Received Import Request.
  Time since last request: 0.000274 seconds.
  path: Assets/Prefabs/ChickBall.prefab
  artifactKey: Guid(ab4ae1e21038dc64e943757fecc50d14) Importer(815301076,1909f56bfc062723c751e8b465ee728b)
Start importing Assets/Prefabs/ChickBall.prefab using Guid(ab4ae1e21038dc64e943757fecc50d14) Importer(815301076,1909f56bfc062723c751e8b465ee728b)  -> (artifact id: 'fcd474dabf992bb86edaa4b63be4d49b') in 0.008389 seconds
  Import took 0.011179 seconds .

========================================================================
Received Import Request.
  Time since last request: 17.382885 seconds.
  path: Assets/Prefabs
  artifactKey: Guid(2885ac00662269f459656aa7b99ae95b) Importer(815301076,1909f56bfc062723c751e8b465ee728b)
Start importing Assets/Prefabs using Guid(2885ac00662269f459656aa7b99ae95b) Importer(815301076,1909f56bfc062723c751e8b465ee728b)  -> (artifact id: '095abb18b7c03bd182c30b78d346fd9c') in 0.005880 seconds
  Import took 0.015349 seconds .

========================================================================
Received Import Request.
  Time since last request: 0.000509 seconds.
  path: Assets/Prefabs
  artifactKey: Guid(2885ac00662269f459656aa7b99ae95b) Importer(815301076,1909f56bfc062723c751e8b465ee728b)
Start importing Assets/Prefabs using Guid(2885ac00662269f459656aa7b99ae95b) Importer(815301076,1909f56bfc062723c751e8b465ee728b)  -> (artifact id: '095abb18b7c03bd182c30b78d346fd9c') in 0.002399 seconds
  Import took 0.004897 seconds .

========================================================================
Received Import Request.
  Time since last request: 0.948575 seconds.
  path: Assets/Prefabs/CanonBall.prefab
  artifactKey: Guid(8d1fe239debadf64195ae2dce167a4c3) Importer(815301076,1909f56bfc062723c751e8b465ee728b)
Start importing Assets/Prefabs/CanonBall.prefab using Guid(8d1fe239debadf64195ae2dce167a4c3) Importer(815301076,1909f56bfc062723c751e8b465ee728b)  -> (artifact id: 'd616b391c355daf7bd3a6a6b1ed9c6b9') in 0.035981 seconds
  Import took 0.038956 seconds .

========================================================================
Received Import Request.
  Time since last request: 17.803048 seconds.
  path: Assets/Prefabs/ChickBall.prefab
  artifactKey: Guid(ab4ae1e21038dc64e943757fecc50d14) Importer(815301076,1909f56bfc062723c751e8b465ee728b)
Start importing Assets/Prefabs/ChickBall.prefab using Guid(ab4ae1e21038dc64e943757fecc50d14) Importer(815301076,1909f56bfc062723c751e8b465ee728b)  -> (artifact id: 'fa5e77ac2cfa02646fb8ea00c05ae62d') in 0.018980 seconds
  Import took 0.022123 seconds .

========================================================================
Received Import Request.
  Time since last request: 12.631624 seconds.
  path: Assets/Prefabs/Item.prefab
  artifactKey: Guid(2ff7cdc5e978b8546bf4b92d6ee80208) Importer(815301076,1909f56bfc062723c751e8b465ee728b)
Start importing Assets/Prefabs/Item.prefab using Guid(2ff7cdc5e978b8546bf4b92d6ee80208) Importer(815301076,1909f56bfc062723c751e8b465ee728b)  -> (artifact id: 'b00ebf5346881d0a2a01c29df527d915') in 0.011939 seconds
  Import took 0.014787 seconds .

========================================================================
Received Prepare
Registering precompiled user dll's ...
Registered in 0.000901 seconds.
Begin MonoManager ReloadAssembly
Native extension for WindowsStandalone target not found
Refreshing native plugins compatible for Editor in 0.31 ms, found 1 plugins.
Preloading 0 native plugins for Editor in 0.00 ms.
Invoked RoslynAnalysisRunner static constructor.
RoslynAnalysisRunner will not be running.
RoslynAnalysisRunner has terminated.
Mono: successfully reloaded assembly
- Completed reload, in  0.739 seconds
Platform modules already initialized, skipping
Refreshing native plugins compatible for Editor in 0.31 ms, found 1 plugins.
Preloading 0 native plugins for Editor in 0.00 ms.
Unloading 1791 Unused Serialized files (Serialized files now loaded: 0)
System memory in use before: 90.0 MB.
System memory in use after: 90.0 MB.

Unloading 12 unused Assets to reduce memory usage. Loaded Objects now: 2264.
Total: 1.818800 ms (FindLiveObjects: 0.157900 ms CreateObjectMapping: 0.057100 ms MarkObjects: 1.509600 ms  DeleteObjects: 0.093200 ms)

========================================================================
Received Prepare
Registering precompiled user dll's ...
Registered in 0.000915 seconds.
Begin MonoManager ReloadAssembly
Native extension for WindowsStandalone target not found
Refreshing native plugins compatible for Editor in 0.33 ms, found 1 plugins.
Preloading 0 native plugins for Editor in 0.00 ms.
Invoked RoslynAnalysisRunner static constructor.
RoslynAnalysisRunner will not be running.
RoslynAnalysisRunner has terminated.
Mono: successfully reloaded assembly
- Completed reload, in  0.735 seconds
Platform modules already initialized, skipping
Refreshing native plugins compatible for Editor in 0.31 ms, found 1 plugins.
Preloading 0 native plugins for Editor in 0.00 ms.
Unloading 1791 Unused Serialized files (Serialized files now loaded: 0)
System memory in use before: 90.1 MB.
System memory in use after: 90.0 MB.

Unloading 12 unused Assets to reduce memory usage. Loaded Objects now: 2267.
Total: 1.876000 ms (FindLiveObjects: 0.169400 ms CreateObjectMapping: 0.063800 ms MarkObjects: 1.542100 ms  DeleteObjects: 0.099900 ms)

========================================================================
Received Prepare
Registering precompiled user dll's ...
Registered in 0.000869 seconds.
Begin MonoManager ReloadAssembly
Native extension for WindowsStandalone target not found
Refreshing native plugins compatible for Editor in 0.32 ms, found 1 plugins.
Preloading 0 native plugins for Editor in 0.00 ms.
Invoked RoslynAnalysisRunner static constructor.
RoslynAnalysisRunner will not be running.
RoslynAnalysisRunner has terminated.
Mono: successfully reloaded assembly
- Completed reload, in  0.744 seconds
Platform modules already initialized, skipping
Refreshing native plugins compatible for Editor in 0.30 ms, found 1 plugins.
Preloading 0 native plugins for Editor in 0.00 ms.
Unloading 1791 Unused Serialized files (Serialized files now loaded: 0)
System memory in use before: 90.1 MB.
System memory in use after: 90.1 MB.

Unloading 12 unused Assets to reduce memory usage. Loaded Objects now: 2270.
Total: 1.890200 ms (FindLiveObjects: 0.172200 ms CreateObjectMapping: 0.068100 ms MarkObjects: 1.547600 ms  DeleteObjects: 0.100500 ms)

========================================================================
Received Prepare
Registering precompiled user dll's ...
Registered in 0.000856 seconds.
Begin MonoManager ReloadAssembly
Native extension for WindowsStandalone target not found
Refreshing native plugins compatible for Editor in 0.32 ms, found 1 plugins.
Preloading 0 native plugins for Editor in 0.00 ms.
Invoked RoslynAnalysisRunner static constructor.
RoslynAnalysisRunner will not be running.
RoslynAnalysisRunner has terminated.
Mono: successfully reloaded assembly
- Completed reload, in  0.741 seconds
Platform modules already initialized, skipping
Refreshing native plugins compatible for Editor in 0.31 ms, found 1 plugins.
Preloading 0 native plugins for Editor in 0.00 ms.
Unloading 1791 Unused Serialized files (Serialized files now loaded: 0)
System memory in use before: 90.1 MB.
System memory in use after: 90.1 MB.

Unloading 12 unused Assets to reduce memory usage. Loaded Objects now: 2273.
Total: 1.725700 ms (FindLiveObjects: 0.161200 ms CreateObjectMapping: 0.057300 ms MarkObjects: 1.411800 ms  DeleteObjects: 0.094500 ms)

========================================================================
Received Prepare
Refreshing native plugins compatible for Editor in 1.54 ms, found 1 plugins.
Preloading 0 native plugins for Editor in 0.00 ms.
Unloading 10 Unused Serialized files (Serialized files now loaded: 0)
System memory in use before: 54.9 MB.
System memory in use after: 54.9 MB.

Unloading 10 unused Assets to reduce memory usage. Loaded Objects now: 2273.
Total: 2.307900 ms (FindLiveObjects: 0.182300 ms CreateObjectMapping: 0.063500 ms MarkObjects: 1.960400 ms  DeleteObjects: 0.100300 ms)

========================================================================
Received Import Request.
  Time since last request: 938.417309 seconds.
  path: Assets/Scripts
  artifactKey: Guid(c1b4d3dbb02ec844c8b005747822ada9) Importer(815301076,1909f56bfc062723c751e8b465ee728b)
Start importing Assets/Scripts using Guid(c1b4d3dbb02ec844c8b005747822ada9) Importer(815301076,1909f56bfc062723c751e8b465ee728b)  -> (artifact id: '987886f74c7c42051a7581318f41d720') in 0.008060 seconds
  Import took 0.011502 seconds .

========================================================================
Received Import Request.
  Time since last request: 9.064101 seconds.
  path: Assets/Scripts/Screen.cs
  artifactKey: Guid(9e19192108a52e44cb64cad1323c03f9) Importer(815301076,1909f56bfc062723c751e8b465ee728b)
Start importing Assets/Scripts/Screen.cs using Guid(9e19192108a52e44cb64cad1323c03f9) Importer(815301076,1909f56bfc062723c751e8b465ee728b)  -> (artifact id: '8c5f04f4b2d62159d12b5d1ddbe07b56') in 0.009546 seconds
  Import took 0.012508 seconds .

========================================================================
Received Prepare
Registering precompiled user dll's ...
Registered in 0.000932 seconds.
Begin MonoManager ReloadAssembly
Native extension for WindowsStandalone target not found
Refreshing native plugins compatible for Editor in 0.32 ms, found 1 plugins.
Preloading 0 native plugins for Editor in 0.00 ms.
Invoked RoslynAnalysisRunner static constructor.
RoslynAnalysisRunner will not be running.
RoslynAnalysisRunner has terminated.
Mono: successfully reloaded assembly
- Completed reload, in  0.892 seconds
Platform modules already initialized, skipping
Refreshing native plugins compatible for Editor in 0.32 ms, found 1 plugins.
Preloading 0 native plugins for Editor in 0.00 ms.
Unloading 1792 Unused Serialized files (Serialized files now loaded: 0)
System memory in use before: 90.1 MB.
System memory in use after: 90.1 MB.

Unloading 12 unused Assets to reduce memory usage. Loaded Objects now: 2277.
Total: 2.316200 ms (FindLiveObjects: 0.477000 ms CreateObjectMapping: 0.106400 ms MarkObjects: 1.630100 ms  DeleteObjects: 0.101600 ms)

========================================================================
Received Import Request.
  Time since last request: 15.033944 seconds.
  path: Assets/Scripts/ScreenResolution.cs
  artifactKey: Guid(9e19192108a52e44cb64cad1323c03f9) Importer(815301076,1909f56bfc062723c751e8b465ee728b)
Start importing Assets/Scripts/ScreenResolution.cs using Guid(9e19192108a52e44cb64cad1323c03f9) Importer(815301076,1909f56bfc062723c751e8b465ee728b)  -> (artifact id: 'fe7c70a3b8ef28ac8b28b231fa26ec6b') in 0.026183 seconds
  Import took 0.031843 seconds .

========================================================================
Received Prepare
Registering precompiled user dll's ...
Registered in 0.000947 seconds.
Begin MonoManager ReloadAssembly
Native extension for WindowsStandalone target not found
Refreshing native plugins compatible for Editor in 0.32 ms, found 1 plugins.
Preloading 0 native plugins for Editor in 0.00 ms.
Invoked RoslynAnalysisRunner static constructor.
RoslynAnalysisRunner will not be running.
RoslynAnalysisRunner has terminated.
Mono: successfully reloaded assembly
- Completed reload, in  0.808 seconds
Platform modules already initialized, skipping
Refreshing native plugins compatible for Editor in 0.32 ms, found 1 plugins.
Preloading 0 native plugins for Editor in 0.00 ms.
Unloading 1792 Unused Serialized files (Serialized files now loaded: 0)
System memory in use before: 90.1 MB.
System memory in use after: 90.1 MB.

Unloading 12 unused Assets to reduce memory usage. Loaded Objects now: 2280.
Total: 1.830200 ms (FindLiveObjects: 0.175700 ms CreateObjectMapping: 0.067900 ms MarkObjects: 1.479800 ms  DeleteObjects: 0.105600 ms)

========================================================================
Received Prepare
Registering precompiled user dll's ...
Registered in 0.000909 seconds.
Begin MonoManager ReloadAssembly
Native extension for WindowsStandalone target not found
Refreshing native plugins compatible for Editor in 0.35 ms, found 1 plugins.
Preloading 0 native plugins for Editor in 0.00 ms.
Invoked RoslynAnalysisRunner static constructor.
RoslynAnalysisRunner will not be running.
RoslynAnalysisRunner has terminated.
Mono: successfully reloaded assembly
- Completed reload, in  0.854 seconds
Platform modules already initialized, skipping
Refreshing native plugins compatible for Editor in 0.31 ms, found 1 plugins.
Preloading 0 native plugins for Editor in 0.00 ms.
Unloading 1792 Unused Serialized files (Serialized files now loaded: 0)
System memory in use before: 90.2 MB.
System memory in use after: 90.1 MB.

Unloading 12 unused Assets to reduce memory usage. Loaded Objects now: 2283.
Total: 2.276600 ms (FindLiveObjects: 0.170900 ms CreateObjectMapping: 0.063800 ms MarkObjects: 1.894500 ms  DeleteObjects: 0.145600 ms)

========================================================================
Received Import Request.
  Time since last request: 42.753172 seconds.
  path: Assets/Scripts/ScreenResolution.cs
  artifactKey: Guid(9e19192108a52e44cb64cad1323c03f9) Importer(815301076,1909f56bfc062723c751e8b465ee728b)
Start importing Assets/Scripts/ScreenResolution.cs using Guid(9e19192108a52e44cb64cad1323c03f9) Importer(815301076,1909f56bfc062723c751e8b465ee728b)  -> (artifact id: 'b48c3b1601bac003d9ca8b28b56182ae') in 0.006706 seconds
  Import took 0.009821 seconds .

========================================================================
Received Prepare
Refreshing native plugins compatible for Editor in 1.56 ms, found 1 plugins.
Preloading 0 native plugins for Editor in 0.00 ms.
Unloading 10 Unused Serialized files (Serialized files now loaded: 0)
System memory in use before: 54.9 MB.
System memory in use after: 54.9 MB.

Unloading 10 unused Assets to reduce memory usage. Loaded Objects now: 2283.
Total: 1.896700 ms (FindLiveObjects: 0.172300 ms CreateObjectMapping: 0.060500 ms MarkObjects: 1.565500 ms  DeleteObjects: 0.097000 ms)

========================================================================
Received Prepare
Registering precompiled user dll's ...
Registered in 0.000861 seconds.
Begin MonoManager ReloadAssembly
Native extension for WindowsStandalone target not found
Refreshing native plugins compatible for Editor in 0.35 ms, found 1 plugins.
Preloading 0 native plugins for Editor in 0.00 ms.
Invoked RoslynAnalysisRunner static constructor.
RoslynAnalysisRunner will not be running.
RoslynAnalysisRunner has terminated.
Mono: successfully reloaded assembly
- Completed reload, in  0.798 seconds
Platform modules already initialized, skipping
Refreshing native plugins compatible for Editor in 0.31 ms, found 1 plugins.
Preloading 0 native plugins for Editor in 0.00 ms.
Unloading 1792 Unused Serialized files (Serialized files now loaded: 0)
System memory in use before: 90.2 MB.
System memory in use after: 90.2 MB.

Unloading 12 unused Assets to reduce memory usage. Loaded Objects now: 2286.
Total: 1.834500 ms (FindLiveObjects: 0.160900 ms CreateObjectMapping: 0.053800 ms MarkObjects: 1.522300 ms  DeleteObjects: 0.096600 ms)

========================================================================
Received Prepare
Refreshing native plugins compatible for Editor in 1.57 ms, found 1 plugins.
Preloading 0 native plugins for Editor in 0.00 ms.
Unloading 10 Unused Serialized files (Serialized files now loaded: 0)
System memory in use before: 55.0 MB.
System memory in use after: 54.9 MB.

Unloading 10 unused Assets to reduce memory usage. Loaded Objects now: 2286.
Total: 1.839900 ms (FindLiveObjects: 0.172200 ms CreateObjectMapping: 0.074000 ms MarkObjects: 1.493100 ms  DeleteObjects: 0.099800 ms)

========================================================================
Received Import Request.
  Time since last request: 628.527678 seconds.
  path: Assets/Scripts/ScreenResolution.cs
  artifactKey: Guid(9e19192108a52e44cb64cad1323c03f9) Importer(815301076,1909f56bfc062723c751e8b465ee728b)
Start importing Assets/Scripts/ScreenResolution.cs using Guid(9e19192108a52e44cb64cad1323c03f9) Importer(815301076,1909f56bfc062723c751e8b465ee728b)  -> (artifact id: 'ee8ed7109aab9414904a119e990d1c80') in 0.014067 seconds
  Import took 0.018215 seconds .

========================================================================
Received Prepare
Registering precompiled user dll's ...
Registered in 0.000867 seconds.
Begin MonoManager ReloadAssembly
Native extension for WindowsStandalone target not found
Refreshing native plugins compatible for Editor in 0.33 ms, found 1 plugins.
Preloading 0 native plugins for Editor in 0.00 ms.
Invoked RoslynAnalysisRunner static constructor.
RoslynAnalysisRunner will not be running.
RoslynAnalysisRunner has terminated.
Mono: successfully reloaded assembly
- Completed reload, in  0.763 seconds
Platform modules already initialized, skipping
Refreshing native plugins compatible for Editor in 0.31 ms, found 1 plugins.
Preloading 0 native plugins for Editor in 0.00 ms.
Unloading 1792 Unused Serialized files (Serialized files now loaded: 0)
System memory in use before: 90.2 MB.
System memory in use after: 90.2 MB.

Unloading 12 unused Assets to reduce memory usage. Loaded Objects now: 2289.
Total: 1.816500 ms (FindLiveObjects: 0.155400 ms CreateObjectMapping: 0.056900 ms MarkObjects: 1.510700 ms  DeleteObjects: 0.092600 ms)

========================================================================
Received Prepare
Refreshing native plugins compatible for Editor in 1.51 ms, found 1 plugins.
Preloading 0 native plugins for Editor in 0.00 ms.
Unloading 10 Unused Serialized files (Serialized files now loaded: 0)
System memory in use before: 55.0 MB.
System memory in use after: 55.0 MB.

Unloading 10 unused Assets to reduce memory usage. Loaded Objects now: 2289.
Total: 1.821700 ms (FindLiveObjects: 0.171900 ms CreateObjectMapping: 0.062700 ms MarkObjects: 1.494300 ms  DeleteObjects: 0.091700 ms)

========================================================================
Received Prepare
Registering precompiled user dll's ...
Registered in 0.000923 seconds.
Begin MonoManager ReloadAssembly
Native extension for WindowsStandalone target not found
Refreshing native plugins compatible for Editor in 0.31 ms, found 1 plugins.
Preloading 0 native plugins for Editor in 0.00 ms.
Invoked RoslynAnalysisRunner static constructor.
RoslynAnalysisRunner will not be running.
RoslynAnalysisRunner has terminated.
Mono: successfully reloaded assembly
- Completed reload, in  0.742 seconds
Platform modules already initialized, skipping
Refreshing native plugins compatible for Editor in 0.32 ms, found 1 plugins.
Preloading 0 native plugins for Editor in 0.00 ms.
Unloading 1792 Unused Serialized files (Serialized files now loaded: 0)
System memory in use before: 90.2 MB.
System memory in use after: 90.2 MB.

Unloading 12 unused Assets to reduce memory usage. Loaded Objects now: 2292.
Total: 5.251000 ms (FindLiveObjects: 0.465200 ms CreateObjectMapping: 0.222500 ms MarkObjects: 4.456800 ms  DeleteObjects: 0.103200 ms)

========================================================================
Received Prepare
Refreshing native plugins compatible for Editor in 1.47 ms, found 1 plugins.
Preloading 0 native plugins for Editor in 0.00 ms.
Unloading 10 Unused Serialized files (Serialized files now loaded: 0)
System memory in use before: 55.0 MB.
System memory in use after: 55.0 MB.

Unloading 10 unused Assets to reduce memory usage. Loaded Objects now: 2292.
Total: 1.888300 ms (FindLiveObjects: 0.163900 ms CreateObjectMapping: 0.059300 ms MarkObjects: 1.566400 ms  DeleteObjects: 0.097600 ms)

AssetImportWorkerClient::OnTransportError - code=2 error=End of file
