Using pre-set license
Built from '2020.2/staging' branch; Version is '2020.2.3f1 (8ff31bc5bf5b) revision 9433883'; Using compiler version '192528614'; Build Type 'Release'
OS: 'Windows 10 Home; OS build 19042.867; Version 2009; 64bit' Language: 'ko' Physical Memory: 16322 MB
BatchMode: 1, IsHumanControllingUs: 0, StartBugReporterOnCrash: 0, Is64bit: 1, IsPro: 0

 COMMAND LINE ARGUMENTS:
D:\UnityHub\2020.2.3f1\Editor\Unity.exe
-adb2
-batchMode
-noUpm
-name
AssetImportWorker0
-projectPath
C:/Users/kbh97/Desktop/Study/UnityProjects/2DContent
-logFile
Logs/AssetImportWorker0.log
-srvPort
50105
Successfully changed project path to: C:/Users/kbh97/Desktop/Study/UnityProjects/2DContent
C:/Users/kbh97/Desktop/Study/UnityProjects/2DContent
Using Asset Import Pipeline V2.
Refreshing native plugins compatible for Editor in 32.72 ms, found 1 plugins.
Preloading 0 native plugins for Editor in 0.00 ms.
Initialize engine version: 2020.2.3f1 (8ff31bc5bf5b)
[Subsystems] Discovering subsystems at path D:/UnityHub/2020.2.3f1/Editor/Data/Resources/UnitySubsystems
[Subsystems] Discovering subsystems at path C:/Users/kbh97/Desktop/Study/UnityProjects/2DContent/Assets
GfxDevice: creating device client; threaded=0
Direct3D:
    Version:  Direct3D 11.0 [level 11.1]
    Renderer: NVIDIA GeForce RTX 2060 (ID=0x1f08)
    Vendor:   
    VRAM:     5980 MB
    Driver:   27.21.14.6192
Initialize mono
Mono path[0] = 'D:/UnityHub/2020.2.3f1/Editor/Data/Managed'
Mono path[1] = 'D:/UnityHub/2020.2.3f1/Editor/Data/MonoBleedingEdge/lib/mono/unityjit'
Mono config path = 'D:/UnityHub/2020.2.3f1/Editor/Data/MonoBleedingEdge/etc'
Using monoOptions --debugger-agent=transport=dt_socket,embedding=1,server=y,suspend=n,address=127.0.0.1:56668
Begin MonoManager ReloadAssembly
Registering precompiled unity dll's ...
Register platform support module: D:/UnityHub/2020.2.3f1/Editor/Data/PlaybackEngines/WindowsStandaloneSupport/UnityEditor.WindowsStandalone.Extensions.dll
Registered in 0.000971 seconds.
Native extension for WindowsStandalone target not found
Refreshing native plugins compatible for Editor in 33.24 ms, found 1 plugins.
Preloading 0 native plugins for Editor in 0.00 ms.
Invoked RoslynAnalysisRunner static constructor.
RoslynAnalysisRunner will not be running.
RoslynAnalysisRunner has terminated.
Mono: successfully reloaded assembly
- Completed reload, in  1.260 seconds
Platform modules already initialized, skipping
Registering precompiled user dll's ...
Registered in 0.000949 seconds.
Begin MonoManager ReloadAssembly
Native extension for WindowsStandalone target not found
Refreshing native plugins compatible for Editor in 36.62 ms, found 1 plugins.
Preloading 0 native plugins for Editor in 0.00 ms.
Invoked RoslynAnalysisRunner static constructor.
RoslynAnalysisRunner will not be running.
RoslynAnalysisRunner has terminated.
Mono: successfully reloaded assembly
- Completed reload, in  0.887 seconds
Platform modules already initialized, skipping
========================================================================
Worker process is ready to serve import requests
Launched and connected shader compiler UnityShaderCompiler.exe after 0.05 seconds
Refreshing native plugins compatible for Editor in 0.32 ms, found 1 plugins.
Preloading 0 native plugins for Editor in 0.00 ms.
Unloading 1792 Unused Serialized files (Serialized files now loaded: 0)
System memory in use before: 86.8 MB.
System memory in use after: 86.8 MB.

Unloading 24 unused Assets to reduce memory usage. Loaded Objects now: 2233.
Total: 2.318100 ms (FindLiveObjects: 0.339600 ms CreateObjectMapping: 0.113700 ms MarkObjects: 1.735800 ms  DeleteObjects: 0.127800 ms)

========================================================================
Received Import Request.
  path: Assets/ChickGameMaterials.png
  artifactKey: Guid(7911cfd5b8d018f4a89958746f403903) Importer(815301076,1909f56bfc062723c751e8b465ee728b)
Start importing Assets/ChickGameMaterials.png using Guid(7911cfd5b8d018f4a89958746f403903) Importer(815301076,1909f56bfc062723c751e8b465ee728b)  -> (artifact id: '89fa88ee780d3fdb630bab8fae8f88a8') in 0.130806 seconds
  Import took 0.133763 seconds .

========================================================================
Received Import Request.
  Time since last request: 1554.576995 seconds.
  path: Assets/ChickGameMaterials.png
  artifactKey: Guid(7911cfd5b8d018f4a89958746f403903) Importer(815301076,1909f56bfc062723c751e8b465ee728b)
Start importing Assets/ChickGameMaterials.png using Guid(7911cfd5b8d018f4a89958746f403903) Importer(815301076,1909f56bfc062723c751e8b465ee728b)  -> (artifact id: 'aad9721c68b2fea93c98c01ea15bc4fb') in 0.029362 seconds
  Import took 0.033189 seconds .

========================================================================
Received Import Request.
  Time since last request: 135.898534 seconds.
  path: Assets/ChickGameMaterials.png
  artifactKey: Guid(7911cfd5b8d018f4a89958746f403903) Importer(815301076,1909f56bfc062723c751e8b465ee728b)
Start importing Assets/ChickGameMaterials.png using Guid(7911cfd5b8d018f4a89958746f403903) Importer(815301076,1909f56bfc062723c751e8b465ee728b)  -> (artifact id: 'f70080c119d5f4701249bc546d7dae8c') in 0.054837 seconds
  Import took 0.058023 seconds .

========================================================================
Received Import Request.
  Time since last request: 3451.064902 seconds.
  path: Assets
  artifactKey: Guid(00000000000000001000000000000000) Importer(815301076,1909f56bfc062723c751e8b465ee728b)
Start importing Assets using Guid(00000000000000001000000000000000) Importer(815301076,1909f56bfc062723c751e8b465ee728b)  -> (artifact id: '653ce283d384579a24208b2e4d727c2a') in 0.021752 seconds
  Import took 0.051952 seconds .

========================================================================
Received Import Request.
  Time since last request: 6.792137 seconds.
  path: Assets/Scripts
  artifactKey: Guid(fa235ca1d51a42948860d96fa7628e8d) Importer(815301076,1909f56bfc062723c751e8b465ee728b)
Start importing Assets/Scripts using Guid(fa235ca1d51a42948860d96fa7628e8d) Importer(815301076,1909f56bfc062723c751e8b465ee728b)  -> (artifact id: '2d93a72cd9c545210ce42c709eb7178a') in 0.017750 seconds
  Import took 0.024516 seconds .

========================================================================
Received Import Request.
  Time since last request: 11.279182 seconds.
  path: Assets/Scripts/PlayerController.cs
  artifactKey: Guid(64ac063be7b1dd34397eefad9009ac96) Importer(815301076,1909f56bfc062723c751e8b465ee728b)
Start importing Assets/Scripts/PlayerController.cs using Guid(64ac063be7b1dd34397eefad9009ac96) Importer(815301076,1909f56bfc062723c751e8b465ee728b)  -> (artifact id: '314e9416ccf20381a91e4b33c7e79052') in 0.051752 seconds
  Import took 0.057275 seconds .

========================================================================
Received Prepare
Registering precompiled user dll's ...
Registered in 0.005410 seconds.
Begin MonoManager ReloadAssembly
Native extension for WindowsStandalone target not found
Refreshing native plugins compatible for Editor in 0.44 ms, found 1 plugins.
Preloading 0 native plugins for Editor in 0.00 ms.
Invoked RoslynAnalysisRunner static constructor.
RoslynAnalysisRunner will not be running.
RoslynAnalysisRunner has terminated.
Mono: successfully reloaded assembly
- Completed reload, in  1.631 seconds
Platform modules already initialized, skipping
Refreshing native plugins compatible for Editor in 0.42 ms, found 1 plugins.
Preloading 0 native plugins for Editor in 0.00 ms.
Unloading 1788 Unused Serialized files (Serialized files now loaded: 0)
System memory in use before: 89.9 MB.
System memory in use after: 89.9 MB.

Unloading 12 unused Assets to reduce memory usage. Loaded Objects now: 2255.
Total: 3.647900 ms (FindLiveObjects: 0.393600 ms CreateObjectMapping: 0.564800 ms MarkObjects: 2.541900 ms  DeleteObjects: 0.145800 ms)

========================================================================
Received Prepare
Registering precompiled user dll's ...
Registered in 0.001071 seconds.
Begin MonoManager ReloadAssembly
Native extension for WindowsStandalone target not found
Refreshing native plugins compatible for Editor in 0.39 ms, found 1 plugins.
Preloading 0 native plugins for Editor in 0.00 ms.
Invoked RoslynAnalysisRunner static constructor.
RoslynAnalysisRunner will not be running.
RoslynAnalysisRunner has terminated.
Mono: successfully reloaded assembly
- Completed reload, in  1.953 seconds
Platform modules already initialized, skipping
Refreshing native plugins compatible for Editor in 0.39 ms, found 1 plugins.
Preloading 0 native plugins for Editor in 0.00 ms.
Unloading 1788 Unused Serialized files (Serialized files now loaded: 0)
System memory in use before: 89.9 MB.
System memory in use after: 89.9 MB.

Unloading 12 unused Assets to reduce memory usage. Loaded Objects now: 2258.
Total: 2.547100 ms (FindLiveObjects: 0.269100 ms CreateObjectMapping: 0.161600 ms MarkObjects: 1.784600 ms  DeleteObjects: 0.330000 ms)

========================================================================
Received Import Request.
  Time since last request: 30.664285 seconds.
  path: Assets/Scripts/PlayerController.cs
  artifactKey: Guid(64ac063be7b1dd34397eefad9009ac96) Importer(815301076,1909f56bfc062723c751e8b465ee728b)
Start importing Assets/Scripts/PlayerController.cs using Guid(64ac063be7b1dd34397eefad9009ac96) Importer(815301076,1909f56bfc062723c751e8b465ee728b)  -> (artifact id: '01d9ffb55034e9eda6cc3ee7c9931c8e') in 0.008719 seconds
  Import took 0.012858 seconds .

========================================================================
Received Prepare
Registering precompiled user dll's ...
Registered in 0.001480 seconds.
Begin MonoManager ReloadAssembly
Native extension for WindowsStandalone target not found
Refreshing native plugins compatible for Editor in 0.36 ms, found 1 plugins.
Preloading 0 native plugins for Editor in 0.00 ms.
Invoked RoslynAnalysisRunner static constructor.
RoslynAnalysisRunner will not be running.
RoslynAnalysisRunner has terminated.
Mono: successfully reloaded assembly
- Completed reload, in  0.830 seconds
Platform modules already initialized, skipping
Refreshing native plugins compatible for Editor in 0.36 ms, found 1 plugins.
Preloading 0 native plugins for Editor in 0.00 ms.
Unloading 1788 Unused Serialized files (Serialized files now loaded: 0)
System memory in use before: 89.9 MB.
System memory in use after: 89.9 MB.

Unloading 12 unused Assets to reduce memory usage. Loaded Objects now: 2261.
Total: 1.857100 ms (FindLiveObjects: 0.156300 ms CreateObjectMapping: 0.054500 ms MarkObjects: 1.536600 ms  DeleteObjects: 0.108600 ms)

========================================================================
Received Import Request.
  Time since last request: 882.018375 seconds.
  path: Assets/Scripts/PlayerController.cs
  artifactKey: Guid(64ac063be7b1dd34397eefad9009ac96) Importer(815301076,1909f56bfc062723c751e8b465ee728b)
Start importing Assets/Scripts/PlayerController.cs using Guid(64ac063be7b1dd34397eefad9009ac96) Importer(815301076,1909f56bfc062723c751e8b465ee728b)  -> (artifact id: '463f31acb57b3c4d33ae0d8e7aa65fde') in 0.005026 seconds
  Import took 0.007987 seconds .

========================================================================
Received Import Request.
  Time since last request: 2988.106433 seconds.
  path: Assets/Prefabs
  artifactKey: Guid(6a95bf903dc96ac44b4e73150daf5696) Importer(815301076,1909f56bfc062723c751e8b465ee728b)
Start importing Assets/Prefabs using Guid(6a95bf903dc96ac44b4e73150daf5696) Importer(815301076,1909f56bfc062723c751e8b465ee728b)  -> (artifact id: 'f41fc083130aff870b85e86d67477b0c') in 0.007226 seconds
  Import took 0.010552 seconds .

========================================================================
Received Import Request.
  Time since last request: 2.436456 seconds.
  path: Assets/Prefabs/Bullet.prefab
  artifactKey: Guid(8d1fe239debadf64195ae2dce167a4c3) Importer(815301076,1909f56bfc062723c751e8b465ee728b)
Start importing Assets/Prefabs/Bullet.prefab using Guid(8d1fe239debadf64195ae2dce167a4c3) Importer(815301076,1909f56bfc062723c751e8b465ee728b)  -> (artifact id: '5e85203fb4bef4c2636d31589cf23cd5') in 0.116451 seconds
  Import took 0.119359 seconds .

========================================================================
Received Import Request.
  Time since last request: 13.879064 seconds.
  path: Assets/Prefabs/CanonBall.prefab
  artifactKey: Guid(8d1fe239debadf64195ae2dce167a4c3) Importer(815301076,1909f56bfc062723c751e8b465ee728b)
Start importing Assets/Prefabs/CanonBall.prefab using Guid(8d1fe239debadf64195ae2dce167a4c3) Importer(815301076,1909f56bfc062723c751e8b465ee728b)  -> (artifact id: '55cc884bf21a79cacec66a76d96a694a') in 0.028611 seconds
  Import took 0.032060 seconds .

========================================================================
Received Import Request.
  Time since last request: 2.643889 seconds.
  path: Assets/Prefabs/CanonBall.prefab
  artifactKey: Guid(8d1fe239debadf64195ae2dce167a4c3) Importer(815301076,1909f56bfc062723c751e8b465ee728b)
Start importing Assets/Prefabs/CanonBall.prefab using Guid(8d1fe239debadf64195ae2dce167a4c3) Importer(815301076,1909f56bfc062723c751e8b465ee728b)  -> (artifact id: 'b20c7e2cd0f3934d813291a75583e1d3') in 0.019085 seconds
  Import took 0.022739 seconds .

========================================================================
Received Import Request.
  Time since last request: 9.264321 seconds.
  path: Assets/Prefabs/CanonBall.prefab
  artifactKey: Guid(8d1fe239debadf64195ae2dce167a4c3) Importer(815301076,1909f56bfc062723c751e8b465ee728b)
Start importing Assets/Prefabs/CanonBall.prefab using Guid(8d1fe239debadf64195ae2dce167a4c3) Importer(815301076,1909f56bfc062723c751e8b465ee728b)  -> (artifact id: '56dea5b19415b4da261ba716ea184fc8') in 0.018677 seconds
  Import took 0.021882 seconds .

========================================================================
Received Import Request.
  Time since last request: 25.871714 seconds.
  path: Assets/Prefabs/CanonBall.prefab
  artifactKey: Guid(8d1fe239debadf64195ae2dce167a4c3) Importer(815301076,1909f56bfc062723c751e8b465ee728b)
Start importing Assets/Prefabs/CanonBall.prefab using Guid(8d1fe239debadf64195ae2dce167a4c3) Importer(815301076,1909f56bfc062723c751e8b465ee728b)  -> (artifact id: 'b96dc729b3b192e057dbf3e098fcfad4') in 0.019100 seconds
  Import took 0.022796 seconds .

========================================================================
Received Import Request.
  Time since last request: 14.882266 seconds.
  path: Assets/Prefabs/CanonBall.prefab
  artifactKey: Guid(8d1fe239debadf64195ae2dce167a4c3) Importer(815301076,1909f56bfc062723c751e8b465ee728b)
Start importing Assets/Prefabs/CanonBall.prefab using Guid(8d1fe239debadf64195ae2dce167a4c3) Importer(815301076,1909f56bfc062723c751e8b465ee728b)  -> (artifact id: 'e904d703f8b6f3965d34b36ff6506144') in 0.017465 seconds
  Import took 0.020798 seconds .

